<?xml version="1.0" encoding="UTF-8"?>
<testng-results skipped="0" failed="1" total="1" passed="0">
  <reporter-output>
  </reporter-output>
  <suite name="Default suite" duration-ms="46840" started-at="2016-08-10T10:17:22Z" finished-at="2016-08-10T10:18:09Z">
    <groups>
    </groups>
    <test name="Default test" duration-ms="46840" started-at="2016-08-10T10:17:22Z" finished-at="2016-08-10T10:18:09Z">
      <class name="baitap.pom.testRoomExecution.TestRoomDemo">
        <test-method status="PASS" signature="setUp()[pri:0, instance:baitap.pom.testRoomExecution.TestRoomDemo@6d78f375]" name="setUp" is-config="true" duration-ms="13214" started-at="2016-08-10T17:17:22Z" finished-at="2016-08-10T17:17:35Z">
          <reporter-output>
          </reporter-output>
        </test-method> <!-- setUp -->
        <test-method status="FAIL" signature="TestSteps()[pri:0, instance:baitap.pom.testRoomExecution.TestRoomDemo@6d78f375]" name="TestSteps" duration-ms="33585" started-at="2016-08-10T17:17:35Z" finished-at="2016-08-10T17:18:09Z">
          <exception class="org.openqa.selenium.NoSuchElementException">
            <message>
              <![CDATA[Unable to locate element: *[name='name_field'] (WARNING: The server did not provide any stacktrace information)
Command duration or timeout: 5 milliseconds
For documentation on this error, please visit: http://seleniumhq.org/exceptions/no_such_element.html
Build info: version: 'unknown', revision: '2aa21c1', time: '2016-08-02 14:59:43 -0700'
System info: host: 'Desk6', ip: '192.168.56.1', os.name: 'Windows 10', os.arch: 'amd64', os.version: '10.0', java.version: '1.8.0_65'
Driver info: org.openqa.selenium.firefox.FirefoxDriver
Capabilities [{rotatable=false, raisesAccessibilityExceptions=false, appBuildId=20160407164938, version=, platform=XP, proxy={}, specificationLevel=1, acceptSslCerts=false, browserVersion=45.0.2, platformVersion=10.0, XULappId={ec8030f7-c20a-464f-9b0e-13a3a9e97384}, browserName=Firefox, takesScreenshot=true, takesElementScreenshot=true, platformName=Windows_NT, device=desktop}]
Session ID: 13aa2d9d-2887-40ff-a6a6-0c5c59e47a26
*** Element info: {Using=css selector, value=*[name='name_field']}]]>
            </message>
            <full-stacktrace>
              <![CDATA[org.openqa.selenium.NoSuchElementException: Unable to locate element: *[name='name_field'] (WARNING: The server did not provide any stacktrace information)
Command duration or timeout: 5 milliseconds
For documentation on this error, please visit: http://seleniumhq.org/exceptions/no_such_element.html
Build info: version: 'unknown', revision: '2aa21c1', time: '2016-08-02 14:59:43 -0700'
System info: host: 'Desk6', ip: '192.168.56.1', os.name: 'Windows 10', os.arch: 'amd64', os.version: '10.0', java.version: '1.8.0_65'
Driver info: org.openqa.selenium.firefox.FirefoxDriver
Capabilities [{rotatable=false, raisesAccessibilityExceptions=false, appBuildId=20160407164938, version=, platform=XP, proxy={}, specificationLevel=1, acceptSslCerts=false, browserVersion=45.0.2, platformVersion=10.0, XULappId={ec8030f7-c20a-464f-9b0e-13a3a9e97384}, browserName=Firefox, takesScreenshot=true, takesElementScreenshot=true, platformName=Windows_NT, device=desktop}]
Session ID: 13aa2d9d-2887-40ff-a6a6-0c5c59e47a26
*** Element info: {Using=css selector, value=*[name='name_field']}
	at sun.reflect.NativeConstructorAccessorImpl.newInstance0(Native Method)
	at sun.reflect.NativeConstructorAccessorImpl.newInstance(Unknown Source)
	at sun.reflect.DelegatingConstructorAccessorImpl.newInstance(Unknown Source)
	at java.lang.reflect.Constructor.newInstance(Unknown Source)
	at org.openqa.selenium.remote.ErrorHandler.createThrowable(ErrorHandler.java:206)
	at org.openqa.selenium.remote.ErrorHandler.throwIfResponseFailed(ErrorHandler.java:158)
	at org.openqa.selenium.remote.RemoteWebDriver.execute(RemoteWebDriver.java:683)
	at org.openqa.selenium.remote.RemoteWebDriver.findElement(RemoteWebDriver.java:377)
	at org.openqa.selenium.remote.RemoteWebDriver.findElementByCssSelector(RemoteWebDriver.java:498)
	at org.openqa.selenium.remote.RemoteWebDriver.findElementByName(RemoteWebDriver.java:473)
	at org.openqa.selenium.By$ByName.findElement(By.java:303)
	at org.openqa.selenium.remote.RemoteWebDriver.findElement(RemoteWebDriver.java:369)
	at baitap.pom.testRoom.ContactPage.enterName(ContactPage.java:19)
	at baitap.pom.testRoomExecution.TestRoomDemo.TestSteps(TestRoomDemo.java:63)
	at sun.reflect.NativeMethodAccessorImpl.invoke0(Native Method)
	at sun.reflect.NativeMethodAccessorImpl.invoke(Unknown Source)
	at sun.reflect.DelegatingMethodAccessorImpl.invoke(Unknown Source)
	at java.lang.reflect.Method.invoke(Unknown Source)
	at org.testng.internal.MethodInvocationHelper.invokeMethod(MethodInvocationHelper.java:84)
	at org.testng.internal.Invoker.invokeMethod(Invoker.java:714)
	at org.testng.internal.Invoker.invokeTestMethod(Invoker.java:901)
	at org.testng.internal.Invoker.invokeTestMethods(Invoker.java:1231)
	at org.testng.internal.TestMethodWorker.invokeTestMethods(TestMethodWorker.java:127)
	at org.testng.internal.TestMethodWorker.run(TestMethodWorker.java:111)
	at org.testng.TestRunner.privateRun(TestRunner.java:767)
	at org.testng.TestRunner.run(TestRunner.java:617)
	at org.testng.SuiteRunner.runTest(SuiteRunner.java:334)
	at org.testng.SuiteRunner.runSequentially(SuiteRunner.java:329)
	at org.testng.SuiteRunner.privateRun(SuiteRunner.java:291)
	at org.testng.SuiteRunner.run(SuiteRunner.java:240)
	at org.testng.SuiteRunnerWorker.runSuite(SuiteRunnerWorker.java:52)
	at org.testng.SuiteRunnerWorker.run(SuiteRunnerWorker.java:86)
	at org.testng.TestNG.runSuitesSequentially(TestNG.java:1224)
	at org.testng.TestNG.runSuitesLocally(TestNG.java:1149)
	at org.testng.TestNG.run(TestNG.java:1057)
	at org.testng.remote.AbstractRemoteTestNG.run(AbstractRemoteTestNG.java:126)
	at org.testng.remote.RemoteTestNG.initAndRun(RemoteTestNG.java:152)
	at org.testng.remote.RemoteTestNG.main(RemoteTestNG.java:57)
]]>
            </full-stacktrace>
          </exception> <!-- org.openqa.selenium.NoSuchElementException -->
          <reporter-output>
          </reporter-output>
        </test-method> <!-- TestSteps -->
      </class> <!-- baitap.pom.testRoomExecution.TestRoomDemo -->
    </test> <!-- Default test -->
  </suite> <!-- Default suite -->
</testng-results>
